% mean class accuracy (train set)	
 1.3260e-02	
 9.3949e-03	
 8.2555e-03	
 7.9604e-03	
 7.6218e-03	
 7.5250e-03	
 7.2527e-03	
 7.2834e-03	
 7.4295e-03	
 7.6590e-03	
 7.1131e-03	
 7.2862e-03	
 6.7625e-03	
 6.7273e-03	
 6.9745e-03	
 7.2661e-03	
 6.6632e-03	
 6.6688e-03	
 6.5016e-03	
 6.9967e-03	
 6.5896e-03	
 7.1818e-03	
 6.5914e-03	
 6.2659e-03	
 6.4294e-03	
 6.6586e-03	
 6.3261e-03	
 6.4013e-03	
 6.5480e-03	
 6.6946e-03	
 6.2900e-03	
 6.4715e-03	
 6.5820e-03	
 6.1180e-03	
 6.7024e-03	
 6.3021e-03	
 6.5006e-03	
 6.1545e-03	
 6.1797e-03	
 6.5000e-03	
 6.0680e-03	
 5.9866e-03	
 6.2841e-03	
 6.3361e-03	
 6.4664e-03	
 6.1974e-03	
 6.0657e-03	
 6.4977e-03	
 6.1864e-03	
 6.0035e-03	
 6.1190e-03	
 5.8305e-03	
 5.9046e-03	
 6.1265e-03	
 6.2659e-03	
 5.7661e-03	
 5.8798e-03	
 6.0704e-03	
 5.9527e-03	
 6.1731e-03	
 6.0237e-03	
 6.0393e-03	
 5.7468e-03	
 6.0788e-03	
 6.1258e-03	
 6.0211e-03	
 5.5929e-03	
 5.7046e-03	
 5.8890e-03	
 6.1745e-03	
 5.7535e-03	
 5.8645e-03	
 5.6391e-03	
 5.7269e-03	
 6.1952e-03	
 5.9860e-03	
 5.7518e-03	
 5.6667e-03	
 5.8119e-03	
 5.8679e-03	
 5.5135e-03	
 5.7408e-03	
 5.7566e-03	
 5.6733e-03	
 5.6428e-03	
 5.7664e-03	
 5.6708e-03	
 5.6783e-03	
 5.6191e-03	
 5.4281e-03	
 5.4095e-03	
 5.7041e-03	
 5.6050e-03	
 5.8447e-03	
 5.4920e-03	
 5.6825e-03	
 5.5688e-03	
 5.5680e-03	
 5.8212e-03	
 5.4766e-03	
 5.6687e-03	
 5.6186e-03	
 5.7603e-03	
 5.5700e-03	
 5.8520e-03	
 5.5291e-03	
 5.7325e-03	
 5.4384e-03	
 5.6606e-03	
 5.6587e-03	
 5.3937e-03	
 5.7785e-03	
 5.6581e-03	
 5.6081e-03	
 5.4101e-03	
 5.6258e-03	
 5.4510e-03	
 5.5151e-03	
 5.7218e-03	
 5.5790e-03	
 5.6256e-03	
 5.3427e-03	
 5.9568e-03	
 5.3503e-03	
 5.6032e-03	
 5.4071e-03	
 5.5945e-03	
 5.3905e-03	
 5.7006e-03	
 5.6995e-03	
 5.4941e-03	
